2025-07-23 18:55:56,673 - DataLoader - INFO - Successfully loaded 20 spectra from directory: J:/Coding/研究/real-time-raman-spectral-classifier-with-gui/test_rawdata/Tamura/引き継ぎ/ヒルシュ/Raman_raw/hirsch1
2025-07-23 21:07:49,195 - PreprocessPage - INFO - Loading 0 datasets from RAMAN_DATA
2025-07-23 21:07:50,639 - PreprocessPage - INFO - Loading 1 datasets from RAMAN_DATA
2025-07-23 21:07:53,431 - PreprocessPage - INFO - Loading 1 datasets from RAMAN_DATA
2025-07-23 21:17:49,927 - PreprocessPage - INFO - Loading 0 datasets from RAMAN_DATA
2025-07-23 21:17:51,296 - PreprocessPage - INFO - Loading 1 datasets from RAMAN_DATA
2025-07-23 21:39:01,422 - PreprocessPage - INFO - Loading 0 datasets from RAMAN_DATA
2025-07-23 21:39:04,154 - PreprocessPage - INFO - Loading 1 datasets from RAMAN_DATA
2025-07-23 21:39:30,682 - PreprocessPage - INFO - Loading 0 datasets from RAMAN_DATA
2025-07-23 21:39:37,906 - PreprocessPage - INFO - Loading 1 datasets from RAMAN_DATA
2025-07-23 21:39:40,088 - PreprocessPage - INFO - Loading 1 datasets from RAMAN_DATA
2025-07-23 21:48:15,257 - PreprocessPage - INFO - Loading 0 datasets from RAMAN_DATA
2025-07-23 21:48:18,807 - PreprocessPage - INFO - Loading 1 datasets from RAMAN_DATA
2025-07-23 21:48:26,159 - PreprocessPage - INFO - Loading 1 datasets from RAMAN_DATA
2025-07-23 21:48:30,223 - PreprocessPage - INFO - Loading 1 datasets from RAMAN_DATA
2025-07-23 21:48:34,033 - PreprocessPage - INFO - Loading 1 datasets from RAMAN_DATA
2025-07-23 21:48:40,809 - PreprocessPage - INFO - Loading 1 datasets from RAMAN_DATA
2025-07-23 21:49:04,398 - PreprocessPage - INFO - Loading 1 datasets from RAMAN_DATA
2025-07-23 21:53:11,459 - PreprocessPage - INFO - Loading 0 datasets from RAMAN_DATA
2025-07-23 21:53:15,379 - PreprocessPage - INFO - Loading 1 datasets from RAMAN_DATA
2025-07-23 21:53:21,650 - PreprocessPage - INFO - Loading 1 datasets from RAMAN_DATA
2025-07-23 22:01:12,800 - PreprocessPage - INFO - Loading 0 datasets from RAMAN_DATA
2025-07-23 22:02:59,850 - PreprocessPage - INFO - Loading 0 datasets from RAMAN_DATA
2025-07-23 22:03:35,439 - PreprocessPage - INFO - Loading 1 datasets from RAMAN_DATA
2025-07-23 22:03:36,821 - PreprocessPage - INFO - Loading 1 datasets from RAMAN_DATA
2025-07-23 22:03:58,562 - PreprocessPage - INFO - Loading 0 datasets from RAMAN_DATA
2025-07-23 22:04:07,929 - PreprocessPage - INFO - Loading 1 datasets from RAMAN_DATA
2025-07-23 22:04:09,041 - PreprocessPage - INFO - Loading 1 datasets from RAMAN_DATA
2025-07-23 22:04:35,493 - PreprocessPage - INFO - Loading 0 datasets from RAMAN_DATA
2025-07-23 22:06:46,132 - PreprocessPage - INFO - Loading 1 datasets from RAMAN_DATA
2025-07-23 22:06:47,725 - PreprocessPage - INFO - Loading 1 datasets from RAMAN_DATA
2025-07-23 22:08:36,772 - PreprocessPage - INFO - Loading 0 datasets from RAMAN_DATA
2025-07-23 22:09:39,581 - PreprocessPage - INFO - Loading 1 datasets from RAMAN_DATA
2025-07-23 22:09:41,837 - PreprocessPage - INFO - Loading 1 datasets from RAMAN_DATA
2025-07-23 22:12:37,125 - PreprocessPage - INFO - Loading 0 datasets from RAMAN_DATA
2025-07-23 22:14:47,888 - PreprocessPage - INFO - Loading 0 datasets from RAMAN_DATA
2025-07-23 22:16:05,264 - PreprocessPage - INFO - Loading 0 datasets from RAMAN_DATA
2025-07-23 22:16:11,742 - PreprocessPage - INFO - Loading 1 datasets from RAMAN_DATA
2025-07-23 22:16:14,619 - PreprocessPage - INFO - Loading 1 datasets from RAMAN_DATA
2025-07-23 22:18:00,605 - PreprocessPage - INFO - Started preprocessing with 1 datasets and 5 steps
2025-07-23 22:18:00,634 - PreprocessPage - WARNING - Step 'WhitakerHayes' failed: WhitakerHayes.__init__() got an unexpected keyword argument 'lam'
2025-07-23 22:18:00,639 - PreprocessPage - WARNING - Step 'IModPoly' failed: IModPoly.__init__() got an unexpected keyword argument 'rep'
2025-07-23 22:18:00,694 - PreprocessPage - INFO - Processing thread finished
2025-07-23 22:18:00,696 - PreprocessPage - INFO - Processing thread cleaned up successfully
2025-07-23 22:18:00,697 - PreprocessPage - INFO - UI state reset after thread completion
2025-07-23 22:19:00,576 - PreprocessPage - INFO - Loading 2 datasets from RAMAN_DATA
2025-07-23 22:28:44,919 - PreprocessPage - INFO - Loading 0 datasets from RAMAN_DATA
2025-07-23 22:28:49,476 - PreprocessPage - INFO - Loading 2 datasets from RAMAN_DATA
2025-07-23 22:28:51,275 - PreprocessPage - INFO - Loading 2 datasets from RAMAN_DATA
2025-07-23 22:29:26,052 - PreprocessPage - INFO - Loading 1 datasets from RAMAN_DATA
2025-07-23 22:36:38,024 - PreprocessPage - INFO - Loading 0 datasets from RAMAN_DATA
2025-07-23 22:36:46,342 - PreprocessPage - INFO - Loading 0 datasets from RAMAN_DATA
2025-07-23 22:38:08,413 - PreprocessPage - INFO - Loading 1 datasets from RAMAN_DATA
2025-07-23 22:38:10,807 - PreprocessPage - INFO - Loading 1 datasets from RAMAN_DATA
2025-07-23 22:44:03,945 - PreprocessPage - INFO - Started preprocessing with 1 datasets and 5 steps
2025-07-23 22:44:03,970 - PreprocessPage - WARNING - Step 'WhitakerHayes' failed: WhitakerHayes.__init__() got an unexpected keyword argument 'lam'
2025-07-23 22:44:04,022 - PreprocessPage - INFO - Processing thread finished
2025-07-23 22:44:04,024 - PreprocessPage - INFO - Processing thread cleaned up successfully
2025-07-23 22:44:04,024 - PreprocessPage - INFO - UI state reset after thread completion
2025-07-23 22:44:20,595 - PreprocessPage - INFO - Loading 2 datasets from RAMAN_DATA
2025-07-23 22:51:30,610 - PreprocessPage - INFO - Loading 0 datasets from RAMAN_DATA
2025-07-23 22:51:33,001 - PreprocessPage - INFO - Loading 2 datasets from RAMAN_DATA
2025-07-23 22:51:36,671 - PreprocessPage - INFO - Loading 2 datasets from RAMAN_DATA
2025-07-23 22:53:26,203 - PreprocessPage - INFO - Loading 2 datasets from RAMAN_DATA
2025-07-23 22:54:05,152 - DataLoader - INFO - Successfully loaded 20 spectra from directory: J:/Coding/研究/real-time-raman-spectral-classifier-with-gui/test_rawdata/Tamura/引き継ぎ/ヒルシュ/Raman_raw/hirsch2_noise1
2025-07-23 22:54:10,330 - PreprocessPage - INFO - Loading 3 datasets from RAMAN_DATA
2025-07-23 22:55:05,703 - PreprocessPage - INFO - Started preprocessing with 1 datasets and 5 steps
2025-07-23 22:55:05,904 - PreprocessPage - INFO - Loading 4 datasets from RAMAN_DATA
2025-07-23 22:55:06,227 - PreprocessPage - INFO - Processing thread finished
2025-07-23 22:55:06,227 - PreprocessPage - INFO - Processing thread cleaned up successfully
2025-07-23 22:55:36,137 - PreprocessPage - INFO - Loading 3 datasets from RAMAN_DATA
2025-07-23 23:57:11,964 - PreprocessPage - INFO - Loading 0 datasets from RAMAN_DATA
2025-07-23 23:57:14,255 - PreprocessPage - INFO - Loading 3 datasets from RAMAN_DATA
2025-07-23 23:57:18,007 - PreprocessPage - INFO - Loading 3 datasets from RAMAN_DATA
2025-07-23 23:57:45,267 - PreprocessPage - INFO - Step 0 (Cropper) enabled
2025-07-23 23:57:45,269 - PreprocessPage - INFO - Step 1 (WhitakerHayes) enabled
2025-07-23 23:57:45,269 - PreprocessPage - INFO - Step 2 (SavGol) enabled
2025-07-23 23:57:45,269 - PreprocessPage - INFO - Step 3 (IModPoly) enabled
2025-07-23 23:57:45,269 - PreprocessPage - INFO - Step 4 (SNV) enabled
2025-07-24 00:00:36,465 - PreprocessPage - INFO - Started preprocessing with 1 datasets and 5 enabled steps
2025-07-24 00:00:36,661 - PreprocessPage - INFO - Loading 4 datasets from RAMAN_DATA
2025-07-24 00:00:37,044 - PreprocessPage - INFO - Processing thread finished
2025-07-24 00:00:37,044 - PreprocessPage - INFO - Processing thread cleaned up successfully
2025-07-24 00:01:05,433 - PreprocessPage - INFO - Step 0 (Cropper) enabled
2025-07-24 00:01:05,433 - PreprocessPage - INFO - Step 1 (WhitakerHayes) enabled
2025-07-24 00:01:05,435 - PreprocessPage - INFO - Step 2 (SavGol) enabled
2025-07-24 00:01:05,435 - PreprocessPage - INFO - Step 3 (IModPoly) enabled
2025-07-24 00:01:05,435 - PreprocessPage - INFO - Step 4 (Vector) enabled
2025-07-24 00:01:20,198 - PreprocessPage - INFO - Started preprocessing with 1 datasets and 4 enabled steps
2025-07-24 00:01:20,542 - PreprocessPage - INFO - Loading 5 datasets from RAMAN_DATA
2025-07-24 00:01:20,909 - PreprocessPage - INFO - Processing thread finished
2025-07-24 00:01:20,909 - PreprocessPage - INFO - Processing thread cleaned up successfully
2025-07-24 00:08:33,865 - PreprocessPage - INFO - Loading 0 datasets from RAMAN_DATA
2025-07-24 00:08:35,658 - PreprocessPage - INFO - Loading 2 datasets from RAMAN_DATA
2025-07-24 00:08:37,418 - PreprocessPage - INFO - Loading 2 datasets from RAMAN_DATA
2025-07-24 00:14:18,992 - PreprocessPage - INFO - Loading 2 datasets from RAMAN_DATA
2025-07-24 00:15:21,139 - PreprocessPage - INFO - Loading 2 datasets from RAMAN_DATA
2025-07-24 00:17:23,057 - PreprocessPage - INFO - Loading 2 datasets from RAMAN_DATA
2025-07-24 00:17:38,688 - PreprocessPage - INFO - Loading 0 datasets from RAMAN_DATA
2025-07-24 00:17:43,864 - PreprocessPage - INFO - Loading 2 datasets from RAMAN_DATA
2025-07-24 00:17:45,956 - PreprocessPage - INFO - Loading 2 datasets from RAMAN_DATA
2025-07-24 00:23:56,817 - PreprocessPage - INFO - Loading 0 datasets from RAMAN_DATA
2025-07-24 00:24:03,925 - PreprocessPage - INFO - Loading 2 datasets from RAMAN_DATA
2025-07-24 00:24:06,220 - PreprocessPage - INFO - Loading 2 datasets from RAMAN_DATA
2025-07-24 00:27:45,806 - PreprocessPage - INFO - Started preprocessing with 1 datasets and 5 enabled steps
2025-07-24 00:27:52,598 - PreprocessPage - INFO - Loading 3 datasets from RAMAN_DATA
2025-07-24 00:27:52,931 - PreprocessPage - INFO - Processing thread finished
2025-07-24 00:27:52,932 - PreprocessPage - INFO - Processing thread cleaned up successfully
2025-07-24 00:29:03,374 - PreprocessPage - INFO - Step 0 (Cropper) enabled
2025-07-24 00:29:03,375 - PreprocessPage - INFO - Step 1 (Gaussian) enabled
2025-07-24 00:29:03,375 - PreprocessPage - INFO - Step 2 (WhitakerHayes) enabled
2025-07-24 00:29:03,376 - PreprocessPage - INFO - Step 3 (CornerCutting) enabled
2025-07-24 00:29:03,379 - PreprocessPage - INFO - Step 4 (MinMax) enabled
2025-07-24 00:29:22,704 - PreprocessPage - INFO - Started preprocessing with 1 datasets and 5 enabled steps
2025-07-24 00:29:23,016 - PreprocessPage - INFO - Loading 4 datasets from RAMAN_DATA
2025-07-24 00:29:23,363 - PreprocessPage - INFO - Processing thread finished
2025-07-24 00:29:23,363 - PreprocessPage - INFO - Processing thread cleaned up successfully
2025-07-24 00:29:58,693 - PreprocessPage - INFO - Loading 3 datasets from RAMAN_DATA
2025-07-24 00:30:06,452 - PreprocessPage - INFO - Step 0 (Cropper) enabled
2025-07-24 00:30:06,457 - PreprocessPage - INFO - Step 1 (Gaussian) enabled
2025-07-24 00:30:06,473 - PreprocessPage - INFO - Step 2 (WhitakerHayes) enabled
2025-07-24 00:30:06,474 - PreprocessPage - INFO - Step 3 (CornerCutting) enabled
2025-07-24 00:30:06,476 - PreprocessPage - INFO - Step 4 (MinMax) enabled
2025-07-24 00:34:33,654 - PreprocessPage - INFO - Started preprocessing with 1 datasets and 5 enabled steps
2025-07-24 00:34:33,879 - PreprocessPage - INFO - Loading 4 datasets from RAMAN_DATA
2025-07-24 00:34:34,213 - PreprocessPage - INFO - Processing thread finished
2025-07-24 00:34:34,214 - PreprocessPage - INFO - Processing thread cleaned up successfully
2025-07-24 00:39:37,044 - PreprocessPage - INFO - Loading 0 datasets from RAMAN_DATA
2025-07-24 00:39:38,957 - PreprocessPage - INFO - Loading 4 datasets from RAMAN_DATA
2025-07-24 00:39:43,261 - PreprocessPage - INFO - Loading 4 datasets from RAMAN_DATA
2025-07-24 00:39:49,174 - PreprocessPage - INFO - Loading 3 datasets from RAMAN_DATA
2025-07-24 00:39:54,577 - PreprocessPage - INFO - Step 0 (Cropper) enabled
2025-07-24 00:39:54,578 - PreprocessPage - INFO - Step 1 (Gaussian) enabled
2025-07-24 00:39:54,578 - PreprocessPage - INFO - Step 2 (WhitakerHayes) enabled
2025-07-24 00:39:54,579 - PreprocessPage - INFO - Step 3 (CornerCutting) enabled
2025-07-24 00:39:54,579 - PreprocessPage - INFO - Step 4 (MinMax) enabled
2025-07-24 00:40:03,467 - PreprocessPage - INFO - Started preprocessing with 1 datasets and 5 enabled steps
2025-07-24 00:40:03,967 - PreprocessPage - INFO - Loading 4 datasets from RAMAN_DATA
2025-07-24 00:40:04,286 - PreprocessPage - INFO - Processing thread finished
2025-07-24 00:40:04,289 - PreprocessPage - INFO - Processing thread cleaned up successfully
