2025-07-23 21:48:15,042 - WorkspacePage - INFO - Successfully reset workspace state
2025-07-23 21:48:15,046 - WorkspacePage - INFO - Refreshed home page data
2025-07-23 21:48:15,047 - WorkspacePage - INFO - Re-established home page signal connections
2025-07-23 21:48:15,048 - WorkspacePage - INFO - Returned to home page and reset workspace state
2025-07-23 21:48:19,247 - WorkspacePage - INFO - Auto-refreshed data for page index 1
2025-07-23 21:48:19,247 - WorkspacePage - INFO - Successfully loaded project: J:\Coding\研究\real-time-raman-spectral-classifier-with-gui\raman-app\projects\test\test.json
2025-07-23 21:48:26,347 - WorkspacePage - INFO - Auto-refreshed data for page index 2
2025-07-23 21:48:28,390 - WorkspacePage - INFO - Auto-refreshed data for page index 1
2025-07-23 21:48:30,487 - WorkspacePage - INFO - Auto-refreshed data for page index 2
2025-07-23 21:48:32,633 - WorkspacePage - INFO - Auto-refreshed data for page index 1
2025-07-23 21:48:34,213 - WorkspacePage - INFO - Auto-refreshed data for page index 2
2025-07-23 21:48:37,347 - WorkspacePage - INFO - Auto-refreshed data for page index 1
2025-07-23 21:48:37,989 - WorkspacePage - INFO - Successfully reset workspace state
2025-07-23 21:48:37,998 - WorkspacePage - INFO - Refreshed home page data
2025-07-23 21:48:37,998 - WorkspacePage - INFO - Re-established home page signal connections
2025-07-23 21:48:38,000 - WorkspacePage - INFO - Returned to home page and reset workspace state
2025-07-23 21:48:41,320 - WorkspacePage - INFO - Auto-refreshed data for page index 1
2025-07-23 21:48:41,322 - WorkspacePage - INFO - Successfully loaded project: J:\Coding\研究\real-time-raman-spectral-classifier-with-gui\raman-app\projects\test\test.json
2025-07-23 21:49:04,566 - WorkspacePage - INFO - Auto-refreshed data for page index 2
2025-07-23 21:53:11,192 - WorkspacePage - INFO - Successfully reset workspace state
2025-07-23 21:53:11,195 - WorkspacePage - INFO - Refreshed home page data
2025-07-23 21:53:11,197 - WorkspacePage - INFO - Re-established home page signal connections
2025-07-23 21:53:11,202 - WorkspacePage - INFO - Returned to home page and reset workspace state
2025-07-23 21:53:15,828 - WorkspacePage - INFO - Auto-refreshed data for page index 1
2025-07-23 21:53:15,830 - WorkspacePage - INFO - Successfully loaded project: J:\Coding\研究\real-time-raman-spectral-classifier-with-gui\raman-app\projects\test\test.json
2025-07-23 21:53:18,962 - WorkspacePage - INFO - Auto-refreshed data for page index 1
2025-07-23 21:53:21,820 - WorkspacePage - INFO - Auto-refreshed data for page index 2
2025-07-23 22:01:12,560 - WorkspacePage - INFO - Successfully reset workspace state
2025-07-23 22:01:12,564 - WorkspacePage - INFO - Refreshed home page data
2025-07-23 22:01:12,567 - WorkspacePage - INFO - Re-established home page signal connections
2025-07-23 22:01:12,568 - WorkspacePage - INFO - Returned to home page and reset workspace state
2025-07-23 22:02:59,581 - WorkspacePage - INFO - Successfully reset workspace state
2025-07-23 22:02:59,586 - WorkspacePage - INFO - Refreshed home page data
2025-07-23 22:02:59,588 - WorkspacePage - INFO - Re-established home page signal connections
2025-07-23 22:02:59,591 - WorkspacePage - INFO - Returned to home page and reset workspace state
2025-07-23 22:03:35,882 - WorkspacePage - INFO - Auto-refreshed data for page index 1
2025-07-23 22:03:35,882 - WorkspacePage - INFO - Successfully loaded project: J:\Coding\研究\real-time-raman-spectral-classifier-with-gui\raman-app\projects\test\test.json
2025-07-23 22:03:37,008 - WorkspacePage - INFO - Auto-refreshed data for page index 2
2025-07-23 22:03:58,229 - WorkspacePage - INFO - Successfully reset workspace state
2025-07-23 22:03:58,302 - WorkspacePage - INFO - Refreshed home page data
2025-07-23 22:03:58,306 - WorkspacePage - INFO - Re-established home page signal connections
2025-07-23 22:03:58,312 - WorkspacePage - INFO - Returned to home page and reset workspace state
2025-07-23 22:04:08,369 - WorkspacePage - INFO - Auto-refreshed data for page index 1
2025-07-23 22:04:08,371 - WorkspacePage - INFO - Successfully loaded project: J:\Coding\研究\real-time-raman-spectral-classifier-with-gui\raman-app\projects\test\test.json
2025-07-23 22:04:09,232 - WorkspacePage - INFO - Auto-refreshed data for page index 2
2025-07-23 22:04:35,206 - WorkspacePage - INFO - Successfully reset workspace state
2025-07-23 22:04:35,210 - WorkspacePage - INFO - Refreshed home page data
2025-07-23 22:04:35,210 - WorkspacePage - INFO - Re-established home page signal connections
2025-07-23 22:04:35,212 - WorkspacePage - INFO - Returned to home page and reset workspace state
2025-07-23 22:06:46,555 - WorkspacePage - INFO - Auto-refreshed data for page index 1
2025-07-23 22:06:46,557 - WorkspacePage - INFO - Successfully loaded project: J:\Coding\研究\real-time-raman-spectral-classifier-with-gui\raman-app\projects\test\test.json
2025-07-23 22:06:47,910 - WorkspacePage - INFO - Auto-refreshed data for page index 2
2025-07-23 22:08:36,532 - WorkspacePage - INFO - Successfully reset workspace state
2025-07-23 22:08:36,535 - WorkspacePage - INFO - Refreshed home page data
2025-07-23 22:08:36,535 - WorkspacePage - INFO - Re-established home page signal connections
2025-07-23 22:08:36,535 - WorkspacePage - INFO - Returned to home page and reset workspace state
2025-07-23 22:09:40,017 - WorkspacePage - INFO - Auto-refreshed data for page index 1
2025-07-23 22:09:40,023 - WorkspacePage - INFO - Successfully loaded project: J:\Coding\研究\real-time-raman-spectral-classifier-with-gui\raman-app\projects\test\test.json
2025-07-23 22:09:42,021 - WorkspacePage - INFO - Auto-refreshed data for page index 2
2025-07-23 22:12:36,885 - WorkspacePage - INFO - Successfully reset workspace state
2025-07-23 22:12:36,887 - WorkspacePage - INFO - Refreshed home page data
2025-07-23 22:12:36,887 - WorkspacePage - INFO - Re-established home page signal connections
2025-07-23 22:12:36,887 - WorkspacePage - INFO - Returned to home page and reset workspace state
2025-07-23 22:14:47,651 - WorkspacePage - INFO - Successfully reset workspace state
2025-07-23 22:14:47,658 - WorkspacePage - INFO - Refreshed home page data
2025-07-23 22:14:47,658 - WorkspacePage - INFO - Re-established home page signal connections
2025-07-23 22:14:47,659 - WorkspacePage - INFO - Returned to home page and reset workspace state
2025-07-23 22:16:05,002 - WorkspacePage - INFO - Successfully reset workspace state
2025-07-23 22:16:05,006 - WorkspacePage - INFO - Refreshed home page data
2025-07-23 22:16:05,007 - WorkspacePage - INFO - Re-established home page signal connections
2025-07-23 22:16:05,008 - WorkspacePage - INFO - Returned to home page and reset workspace state
2025-07-23 22:16:12,148 - WorkspacePage - INFO - Auto-refreshed data for page index 1
2025-07-23 22:16:12,148 - WorkspacePage - INFO - Successfully loaded project: J:\Coding\研究\real-time-raman-spectral-classifier-with-gui\raman-app\projects\test\test.json
2025-07-23 22:16:14,778 - WorkspacePage - INFO - Auto-refreshed data for page index 2
2025-07-23 22:28:44,675 - WorkspacePage - INFO - Successfully reset workspace state
2025-07-23 22:28:44,680 - WorkspacePage - INFO - Refreshed home page data
2025-07-23 22:28:44,682 - WorkspacePage - INFO - Re-established home page signal connections
2025-07-23 22:28:44,682 - WorkspacePage - INFO - Returned to home page and reset workspace state
2025-07-23 22:28:50,077 - WorkspacePage - INFO - Auto-refreshed data for page index 1
2025-07-23 22:28:50,078 - WorkspacePage - INFO - Successfully loaded project: J:\Coding\研究\real-time-raman-spectral-classifier-with-gui\raman-app\projects\test\test.json
2025-07-23 22:28:51,467 - WorkspacePage - INFO - Auto-refreshed data for page index 2
2025-07-23 22:29:22,637 - WorkspacePage - INFO - Auto-refreshed data for page index 1
2025-07-23 22:29:26,245 - WorkspacePage - INFO - Auto-refreshed data for page index 2
2025-07-23 22:36:37,815 - WorkspacePage - INFO - Successfully reset workspace state
2025-07-23 22:36:37,820 - WorkspacePage - INFO - Refreshed home page data
2025-07-23 22:36:37,820 - WorkspacePage - INFO - Re-established home page signal connections
2025-07-23 22:36:37,821 - WorkspacePage - INFO - Returned to home page and reset workspace state
2025-07-23 22:36:46,093 - WorkspacePage - INFO - Successfully reset workspace state
2025-07-23 22:36:46,096 - WorkspacePage - INFO - Refreshed home page data
2025-07-23 22:36:46,096 - WorkspacePage - INFO - Re-established home page signal connections
2025-07-23 22:36:46,097 - WorkspacePage - INFO - Returned to home page and reset workspace state
2025-07-23 22:38:08,809 - WorkspacePage - INFO - Auto-refreshed data for page index 1
2025-07-23 22:38:08,810 - WorkspacePage - INFO - Successfully loaded project: J:\Coding\研究\real-time-raman-spectral-classifier-with-gui\raman-app\projects\test\test.json
2025-07-23 22:38:10,978 - WorkspacePage - INFO - Auto-refreshed data for page index 2
2025-07-23 22:51:30,354 - WorkspacePage - INFO - Successfully reset workspace state
2025-07-23 22:51:30,358 - WorkspacePage - INFO - Refreshed home page data
2025-07-23 22:51:30,358 - WorkspacePage - INFO - Re-established home page signal connections
2025-07-23 22:51:30,360 - WorkspacePage - INFO - Returned to home page and reset workspace state
2025-07-23 22:51:33,619 - WorkspacePage - INFO - Auto-refreshed data for page index 1
2025-07-23 22:51:33,620 - WorkspacePage - INFO - Successfully loaded project: J:\Coding\研究\real-time-raman-spectral-classifier-with-gui\raman-app\projects\test\test.json
2025-07-23 22:51:36,393 - WorkspacePage - INFO - Auto-refreshed data for page index 1
2025-07-23 22:51:36,853 - WorkspacePage - INFO - Auto-refreshed data for page index 2
2025-07-23 22:52:58,766 - WorkspacePage - INFO - Auto-refreshed data for page index 1
2025-07-23 22:53:26,382 - WorkspacePage - INFO - Auto-refreshed data for page index 2
2025-07-23 22:53:54,769 - WorkspacePage - INFO - Auto-refreshed data for page index 1
2025-07-23 22:54:10,503 - WorkspacePage - INFO - Auto-refreshed data for page index 2
2025-07-23 22:55:32,426 - WorkspacePage - INFO - Auto-refreshed data for page index 1
2025-07-23 22:55:36,311 - WorkspacePage - INFO - Auto-refreshed data for page index 2
2025-07-23 23:57:11,762 - WorkspacePage - INFO - Successfully reset workspace state
2025-07-23 23:57:11,765 - WorkspacePage - INFO - Refreshed home page data
2025-07-23 23:57:11,765 - WorkspacePage - INFO - Re-established home page signal connections
2025-07-23 23:57:11,765 - WorkspacePage - INFO - Returned to home page and reset workspace state
2025-07-23 23:57:14,844 - WorkspacePage - INFO - Auto-refreshed data for page index 1
2025-07-23 23:57:14,847 - WorkspacePage - INFO - Successfully loaded project: J:\Coding\研究\real-time-raman-spectral-classifier-with-gui\raman-app\projects\test\test.json
2025-07-23 23:57:17,225 - WorkspacePage - INFO - Auto-refreshed data for page index 1
2025-07-23 23:57:18,169 - WorkspacePage - INFO - Auto-refreshed data for page index 2
2025-07-24 00:01:39,340 - WorkspacePage - INFO - Auto-refreshed data for page index 1
2025-07-24 00:08:33,634 - WorkspacePage - INFO - Successfully reset workspace state
2025-07-24 00:08:33,638 - WorkspacePage - INFO - Refreshed home page data
2025-07-24 00:08:33,638 - WorkspacePage - INFO - Re-established home page signal connections
2025-07-24 00:08:33,638 - WorkspacePage - INFO - Returned to home page and reset workspace state
2025-07-24 00:08:36,208 - WorkspacePage - INFO - Auto-refreshed data for page index 1
2025-07-24 00:08:36,208 - WorkspacePage - INFO - Successfully loaded project: J:\Coding\研究\real-time-raman-spectral-classifier-with-gui\raman-app\projects\test\test.json
2025-07-24 00:08:37,579 - WorkspacePage - INFO - Auto-refreshed data for page index 2
2025-07-24 00:14:14,583 - WorkspacePage - INFO - Auto-refreshed data for page index 1
2025-07-24 00:14:19,152 - WorkspacePage - INFO - Auto-refreshed data for page index 2
2025-07-24 00:14:20,481 - WorkspacePage - INFO - Auto-refreshed data for page index 1
2025-07-24 00:15:21,384 - WorkspacePage - INFO - Auto-refreshed data for page index 2
2025-07-24 00:17:14,897 - WorkspacePage - INFO - Auto-refreshed data for page index 1
2025-07-24 00:17:23,239 - WorkspacePage - INFO - Auto-refreshed data for page index 2
2025-07-24 00:17:38,439 - WorkspacePage - INFO - Successfully reset workspace state
2025-07-24 00:17:38,476 - WorkspacePage - INFO - Refreshed home page data
2025-07-24 00:17:38,478 - WorkspacePage - INFO - Re-established home page signal connections
2025-07-24 00:17:38,478 - WorkspacePage - INFO - Returned to home page and reset workspace state
2025-07-24 00:17:44,406 - WorkspacePage - INFO - Auto-refreshed data for page index 1
2025-07-24 00:17:44,420 - WorkspacePage - INFO - Successfully loaded project: J:\Coding\研究\real-time-raman-spectral-classifier-with-gui\raman-app\projects\test\test.json
2025-07-24 00:17:46,134 - WorkspacePage - INFO - Auto-refreshed data for page index 2
2025-07-24 00:23:56,592 - WorkspacePage - INFO - Successfully reset workspace state
2025-07-24 00:23:56,598 - WorkspacePage - INFO - Refreshed home page data
2025-07-24 00:23:56,599 - WorkspacePage - INFO - Re-established home page signal connections
2025-07-24 00:23:56,602 - WorkspacePage - INFO - Returned to home page and reset workspace state
2025-07-24 00:24:04,542 - WorkspacePage - INFO - Auto-refreshed data for page index 1
2025-07-24 00:24:04,542 - WorkspacePage - INFO - Successfully loaded project: J:\Coding\研究\real-time-raman-spectral-classifier-with-gui\raman-app\projects\test\test.json
2025-07-24 00:24:06,388 - WorkspacePage - INFO - Auto-refreshed data for page index 2
2025-07-24 00:29:54,628 - WorkspacePage - INFO - Auto-refreshed data for page index 1
2025-07-24 00:29:58,987 - WorkspacePage - INFO - Auto-refreshed data for page index 2
2025-07-24 00:39:36,722 - WorkspacePage - INFO - Successfully reset workspace state
2025-07-24 00:39:36,773 - WorkspacePage - INFO - Refreshed home page data
2025-07-24 00:39:36,798 - WorkspacePage - INFO - Re-established home page signal connections
2025-07-24 00:39:36,799 - WorkspacePage - INFO - Returned to home page and reset workspace state
2025-07-24 00:39:39,560 - WorkspacePage - INFO - Auto-refreshed data for page index 1
2025-07-24 00:39:39,563 - WorkspacePage - INFO - Successfully loaded project: J:\Coding\研究\real-time-raman-spectral-classifier-with-gui\raman-app\projects\test\test.json
2025-07-24 00:39:41,556 - WorkspacePage - INFO - Auto-refreshed data for page index 1
2025-07-24 00:39:43,458 - WorkspacePage - INFO - Auto-refreshed data for page index 2
2025-07-24 00:39:45,362 - WorkspacePage - INFO - Auto-refreshed data for page index 1
2025-07-24 00:39:49,361 - WorkspacePage - INFO - Auto-refreshed data for page index 2
2025-07-24 00:41:08,486 - WorkspacePage - INFO - Auto-refreshed data for page index 1
